<?xml version="1.0" encoding="UTF-8" ?>
<testsuite tests="27" failures="0" name="Maven.Zadanie2.AllTest" time="0.046" errors="0" skipped="0">
  <properties>
    <property name="java.runtime.name" value="Java(TM) SE Runtime Environment"/>
    <property name="sun.boot.library.path" value="C:\Program Files\Java\jdk1.8.0_45\jre\bin"/>
    <property name="java.vm.version" value="25.45-b02"/>
    <property name="java.vm.vendor" value="Oracle Corporation"/>
    <property name="maven.multiModuleProjectDirectory" value="C:\Users\admin\workspace\Zadanie2"/>
    <property name="java.vendor.url" value="http://java.oracle.com/"/>
    <property name="path.separator" value=";"/>
    <property name="guice.disable.misplaced.annotation.check" value="true"/>
    <property name="java.vm.name" value="Java HotSpot(TM) 64-Bit Server VM"/>
    <property name="file.encoding.pkg" value="sun.io"/>
    <property name="user.script" value=""/>
    <property name="user.country" value="PL"/>
    <property name="sun.java.launcher" value="SUN_STANDARD"/>
    <property name="sun.os.patch.level" value=""/>
    <property name="java.vm.specification.name" value="Java Virtual Machine Specification"/>
    <property name="user.dir" value="C:\Users\admin\workspace\Zadanie2"/>
    <property name="java.runtime.version" value="1.8.0_45-b15"/>
    <property name="java.awt.graphicsenv" value="sun.awt.Win32GraphicsEnvironment"/>
    <property name="java.endorsed.dirs" value="C:\Program Files\Java\jdk1.8.0_45\jre\lib\endorsed"/>
    <property name="os.arch" value="amd64"/>
    <property name="java.io.tmpdir" value="C:\Users\admin\AppData\Local\Temp\"/>
    <property name="line.separator" value="
"/>
    <property name="java.vm.specification.vendor" value="Oracle Corporation"/>
    <property name="user.variant" value=""/>
    <property name="os.name" value="Windows 8.1"/>
    <property name="classworlds.conf" value="C:\Users\admin\workspace\.metadata\.plugins\org.eclipse.m2e.launching\launches\m2conf7029561368191095046.tmp"/>
    <property name="sun.jnu.encoding" value="Cp1250"/>
    <property name="java.library.path" value="C:\Program Files\Java\jdk1.8.0_45\bin;C:\WINDOWS\Sun\Java\bin;C:\WINDOWS\system32;C:\WINDOWS;C:/Program Files/Java/jdk1.8.0_45/jre/bin/server;C:/Program Files/Java/jdk1.8.0_45/jre/bin;C:/Program Files/Java/jdk1.8.0_45/jre/lib/amd64;C:\ProgramData\Oracle\Java\javapath;C:\WINDOWS\system32;C:\WINDOWS;C:\WINDOWS\System32\Wbem;C:\WINDOWS\System32\WindowsPowerShell\v1.0\;C:\Program Files (x86)\Windows Live\Shared;C:\Program Files (x86)\ATI Technologies\ATI.ACE\Core-Static;C:\Program Files (x86)\Java\jdk1.8.0_25\bin;c:\Program Files (x86)\Microsoft SQL Server\100\Tools\Binn\;c:\Program Files\Microsoft SQL Server\100\Tools\Binn\;c:\Program Files\Microsoft SQL Server\100\DTS\Binn\;C:\Program Files\Microsoft SQL Server\110\Tools\Binn\;C:\Program Files\Microsoft SQL Server\120\DTS\Binn\;C:\Program Files\Microsoft SQL Server\Client SDK\ODBC\110\Tools\Binn\;C:\Program Files (x86)\Microsoft SQL Server\120\Tools\Binn\;C:\Program Files\Microsoft SQL Server\120\Tools\Binn\;C:\Program Files (x86)\Microsoft SQL Server\120\Tools\Binn\ManagementStudio\;C:\Program Files (x86)\Microsoft SQL Server\120\DTS\Binn\;C:\Program Files (x86)\Skype\Phone\;C:\Users\admin\Downloads\apache-maven-3.3.3\bin;C:\WINDOWS\system32\config\systemprofile\.dnx\bin;C:\Program Files\Microsoft DNX\Dnvm\;C:\Program Files (x86)\Windows Kits\10\Windows Performance Toolkit\;C:\Ruby22-x64\bin;C:\Users\admin\AppData\Local\atom\bin;;C:\WINDOWS\system32;;."/>
    <property name="java.specification.name" value="Java Platform API Specification"/>
    <property name="java.class.version" value="52.0"/>
    <property name="sun.management.compiler" value="HotSpot 64-Bit Tiered Compilers"/>
    <property name="os.version" value="6.3"/>
    <property name="user.home" value="C:\Users\admin"/>
    <property name="user.timezone" value="Europe/Belgrade"/>
    <property name="java.awt.printerjob" value="sun.awt.windows.WPrinterJob"/>
    <property name="java.specification.version" value="1.8"/>
    <property name="file.encoding" value="Cp1250"/>
    <property name="user.name" value="admin"/>
    <property name="java.class.path" value="/C:/Users/admin/eclipse/jee-mars/eclipse/../../../.p2/pool/plugins/org.eclipse.m2e.maven.runtime_1.6.2.20150902-0001/jars/plexus-classworlds-2.5.2.jar"/>
    <property name="java.vm.specification.version" value="1.8"/>
    <property name="sun.arch.data.model" value="64"/>
    <property name="java.home" value="C:\Program Files\Java\jdk1.8.0_45\jre"/>
    <property name="sun.java.command" value="org.codehaus.plexus.classworlds.launcher.Launcher -B test"/>
    <property name="java.specification.vendor" value="Oracle Corporation"/>
    <property name="user.language" value="pl"/>
    <property name="awt.toolkit" value="sun.awt.windows.WToolkit"/>
    <property name="java.vm.info" value="mixed mode"/>
    <property name="java.version" value="1.8.0_45"/>
    <property name="java.ext.dirs" value="C:\Program Files\Java\jdk1.8.0_45\jre\lib\ext;C:\WINDOWS\Sun\Java\lib\ext"/>
    <property name="sun.boot.class.path" value="C:\Program Files\Java\jdk1.8.0_45\jre\lib\resources.jar;C:\Program Files\Java\jdk1.8.0_45\jre\lib\rt.jar;C:\Program Files\Java\jdk1.8.0_45\jre\lib\sunrsasign.jar;C:\Program Files\Java\jdk1.8.0_45\jre\lib\jsse.jar;C:\Program Files\Java\jdk1.8.0_45\jre\lib\jce.jar;C:\Program Files\Java\jdk1.8.0_45\jre\lib\charsets.jar;C:\Program Files\Java\jdk1.8.0_45\jre\lib\jfr.jar;C:\Program Files\Java\jdk1.8.0_45\jre\classes"/>
    <property name="java.vendor" value="Oracle Corporation"/>
    <property name="maven.home" value="C:\Users\admin\workspace\Zadanie2\EMBEDDED"/>
    <property name="file.separator" value="\"/>
    <property name="java.vendor.url.bug" value="http://bugreport.sun.com/bugreport/"/>
    <property name="sun.cpu.endian" value="little"/>
    <property name="sun.io.unicode.encoding" value="UnicodeLittle"/>
    <property name="sun.desktop" value="windows"/>
    <property name="sun.cpu.isalist" value="amd64"/>
  </properties>
  <testcase classname="Maven.Zadanie2.CyfroKrad" name="ArgumentToLiczbaUjemna" time="0.028"/>
  <testcase classname="Maven.Zadanie2.CyfroKrad" name="ArgumentToLiczbaJednocyfrowa" time="0"/>
  <testcase classname="Maven.Zadanie2.CyfroKrad" name="ArgumentToLiczbaDodatnia" time="0"/>
  <testcase classname="Maven.Zadanie2.CyfroKradWyjatki" name="ArgumentToNull" time="0"/>
  <testcase classname="Maven.Zadanie2.Heheszki" name="ArgumentToLiczbaDodatnia" time="0.004"/>
  <testcase classname="Maven.Zadanie2.HeheszkiWyjatki" name="ArgumentToNull[0]" time="0.001"/>
  <testcase classname="Maven.Zadanie2.HeheszkiWyjatki" name="ArgumentToZeroLubLiczbaUjemna[0]" time="0.001"/>
  <testcase classname="Maven.Zadanie2.HeheszkiWyjatki" name="ArgumentToNull[1]" time="0.001"/>
  <testcase classname="Maven.Zadanie2.HeheszkiWyjatki" name="ArgumentToZeroLubLiczbaUjemna[1]" time="0"/>
  <testcase classname="Maven.Zadanie2.HeheszkiWyjatki" name="ArgumentToNull[2]" time="0.001"/>
  <testcase classname="Maven.Zadanie2.HeheszkiWyjatki" name="ArgumentToZeroLubLiczbaUjemna[2]" time="0.001"/>
  <testcase classname="Maven.Zadanie2.HeheszkiWyjatki" name="ArgumentToNull[3]" time="0.001"/>
  <testcase classname="Maven.Zadanie2.HeheszkiWyjatki" name="ArgumentToZeroLubLiczbaUjemna[3]" time="0.001"/>
  <testcase classname="Maven.Zadanie2.HultajChochla" name="ArgumentToLiczbaUjemna" time="0"/>
  <testcase classname="Maven.Zadanie2.HultajChochla" name="ArgumentToLiczbaDodatnia" time="0"/>
  <testcase classname="Maven.Zadanie2.HultajChochlaWyjatki" name="ArgumentToLiczbaJednocyfrowa" time="0.001"/>
  <testcase classname="Maven.Zadanie2.HultajChochlaWyjatki" name="ArgumentToNull" time="0.001"/>
  <testcase classname="Maven.Zadanie2.Nieksztaltek" name="ArgumentToLiczbaZJednaCyfraDoZmiany" time="0"/>
  <testcase classname="Maven.Zadanie2.Nieksztaltek" name="ArgumentToLiczbaZCyframiDoZmiany" time="0.001"/>
  <testcase classname="Maven.Zadanie2.Nieksztaltek" name="ArgumentToLiczbaBezCyfrDoZmiany" time="0.001"/>
  <testcase classname="Maven.Zadanie2.NieksztaltekWyjatki" name="ArgumentToNull" time="0"/>
  <testcase classname="Maven.Zadanie2.Titit" name="ArgumentToLiczbaDodatniaLubUjemna[0]" time="0.001"/>
  <testcase classname="Maven.Zadanie2.Titit" name="ArgumentToLiczbaDodatniaLubUjemna[1]" time="0"/>
  <testcase classname="Maven.Zadanie2.Titit" name="ArgumentToLiczbaDodatniaLubUjemna[2]" time="0"/>
  <testcase classname="Maven.Zadanie2.Titit" name="ArgumentToLiczbaDodatniaLubUjemna[3]" time="0"/>
  <testcase classname="Maven.Zadanie2.TititWyjatki" name="ArgumentToNull" time="0.001"/>
  <testcase classname="Maven.Zadanie2.TititWyjatki" name="ArgumentToZero" time="0.001"/>
</testsuite>